0 silly input [ 'publish' ]
1 silly flags { _: [ 'publish' ], 'reject-cycles': false, rejectCycles: false }
2 verbose rootPath /Users/zhenglongfan/code/github/ftc
3 info version 2.11.0
4 silly isInitialized
5 silly isInitialized true
6 silly existsSync /Users/zhenglongfan/code/github/ftc/VERSION
7 silly initialize attempt
8 info current version 0.0.10
9 silly isDetachedHead
10 silly getCurrentBranch
11 verbose getCurrentBranch master
12 verbose isDetachedHead false
13 silly getCurrentBranch
14 verbose getCurrentBranch master
15 silly getUpdates
16 info Checking for updated packages...
17 silly hasTags
18 verbose hasTags true
19 silly getLastTag
20 verbose getLastTag v0.0.10
21 info Comparing with v0.0.10.
22 silly diffSinceIn v0.0.10 packages/promisifyIndexedDB
23 silly diff packages/promisifyIndexedDB/package.json
24 verbose updated @fatc/promisifyindexedDB
25 info Checking for prereleased packages...
26 silly collectDependents
27 silly isPackageDependentOf @fatc/promisifyindexedDB @fatc/promisifyindexedDB
28 silly collectUpdates
29 verbose has filtered update @fatc/promisifyindexedDB
30 silly initialize success
31 silly execute attempt
32 silly addFile /Users/zhenglongfan/code/github/ftc/lerna.json
33 silly runScriptSync preversion ftc
34 silly runScriptSync preversion @fatc/promisifyindexedDB
35 silly runScriptSync version @fatc/promisifyindexedDB
36 silly runScriptSync version ftc
37 silly addFile /Users/zhenglongfan/code/github/ftc/packages/promisifyIndexedDB/package.json
38 silly commit v0.0.11
39 verbose commit [ 'commit', '--no-verify', '-m', 'v0.0.11' ]
40 silly addTag v0.0.11
41 silly runScriptSync postversion @fatc/promisifyindexedDB
42 silly runScriptSync postversion ftc
43 info publish Publishing packages to npm...
44 silly existsSync /Users/zhenglongfan/code/github/ftc/packages/promisifyIndexedDB/scripts/prepublish.js
45 verbose execScript No prepublish script found at /Users/zhenglongfan/code/github/ftc/packages/promisifyIndexedDB/scripts/prepublish.js
46 verbose publishing @fatc/promisifyindexedDB
47 silly publishTaggedInDir latest promisifyIndexedDB
48 silly getExecOpts { cwd:
48 silly getExecOpts    '/Users/zhenglongfan/code/github/ftc/packages/promisifyIndexedDB' }
49 error publish Retrying failed publish: @fatc/promisifyindexedDB
50 verbose publish error undefined
51 verbose publishing @fatc/promisifyindexedDB
52 silly publishTaggedInDir latest promisifyIndexedDB
53 silly getExecOpts { cwd:
53 silly getExecOpts    '/Users/zhenglongfan/code/github/ftc/packages/promisifyIndexedDB' }
54 error publish Retrying failed publish: @fatc/promisifyindexedDB
55 verbose publish error undefined
56 verbose publishing @fatc/promisifyindexedDB
57 silly publishTaggedInDir latest promisifyIndexedDB
58 silly getExecOpts { cwd:
58 silly getExecOpts    '/Users/zhenglongfan/code/github/ftc/packages/promisifyIndexedDB' }
59 error publish Retrying failed publish: @fatc/promisifyindexedDB
60 verbose publish error undefined
61 verbose publishing @fatc/promisifyindexedDB
62 silly publishTaggedInDir latest promisifyIndexedDB
63 silly getExecOpts { cwd:
63 silly getExecOpts    '/Users/zhenglongfan/code/github/ftc/packages/promisifyIndexedDB' }
64 error publish Retrying failed publish: @fatc/promisifyindexedDB
65 verbose publish error undefined
66 verbose publishing @fatc/promisifyindexedDB
67 silly publishTaggedInDir latest promisifyIndexedDB
68 silly getExecOpts { cwd:
68 silly getExecOpts    '/Users/zhenglongfan/code/github/ftc/packages/promisifyIndexedDB' }
69 error publish Ran out of retries while publishing @fatc/promisifyindexedDB Error: Command failed: npm publish --tag latest
69 error publish npm notice
69 error publish npm notice ðŸ“¦  @fatc/promisifyindexedDB@0.0.11
69 error publish npm notice === Tarball Contents ===
69 error publish npm notice 376B    package.json
69 error publish npm notice 500B    rollup.config.js
69 error publish npm notice 107.4kB yarn.lock
69 error publish npm notice 18.7kB  dist/index.common.js
69 error publish npm notice 7.2kB   dist/index.min.js
69 error publish npm notice 10.2kB  src/index.ts
69 error publish npm notice === Tarball Details ===
69 error publish npm notice name:          @fatc/promisifyindexedDB
69 error publish npm notice version:       0.0.11
69 error publish npm notice package size:  38.9 kB
69 error publish npm notice unpacked size: 144.4 kB
69 error publish npm notice shasum:        476e2ab06a90aa453094f888b4290f4752cfffef
69 error publish npm notice integrity:     sha512-U/nmfHcZbGceR[...]dLmCckOe8IwpA==
69 error publish npm notice total files:   6
69 error publish npm notice
69 error publish npm ERR! publish Failed PUT 404
69 error publish npm ERR! code E404
69 error publish npm ERR! 404 Scope not found : @fatc/promisifyindexedDB
69 error publish npm ERR! 404
69 error publish npm ERR! 404  '@fatc/promisifyindexedDB' is not in the npm registry.
69 error publish npm ERR! 404 Your package name is not valid, because
69 error publish npm ERR! 404  1. name can no longer contain capital letters
69 error publish npm ERR! 404
69 error publish npm ERR! 404 Note that you can also install from a
69 error publish npm ERR! 404 tarball, folder, http url, or git url.
69 error publish
69 error publish npm ERR! A complete log of this run can be found in:
69 error publish npm ERR!     /Users/zhenglongfan/.npm/_logs/2018-06-21T09_58_13_876Z-debug.log
69 error publish
69 error publish     at Promise.all.then.arr (/usr/local/lib/node_modules/lerna/node_modules/execa/index.js:236:11)
69 error publish     at process._tickCallback (internal/process/next_tick.js:68:7)
70 error execute callback with error
71 error Error: Command failed: npm publish --tag latest
71 error npm notice
71 error npm notice ðŸ“¦  @fatc/promisifyindexedDB@0.0.11
71 error npm notice === Tarball Contents ===
71 error npm notice 376B    package.json
71 error npm notice 500B    rollup.config.js
71 error npm notice 107.4kB yarn.lock
71 error npm notice 18.7kB  dist/index.common.js
71 error npm notice 7.2kB   dist/index.min.js
71 error npm notice 10.2kB  src/index.ts
71 error npm notice === Tarball Details ===
71 error npm notice name:          @fatc/promisifyindexedDB
71 error npm notice version:       0.0.11
71 error npm notice package size:  38.9 kB
71 error npm notice unpacked size: 144.4 kB
71 error npm notice shasum:        476e2ab06a90aa453094f888b4290f4752cfffef
71 error npm notice integrity:     sha512-U/nmfHcZbGceR[...]dLmCckOe8IwpA==
71 error npm notice total files:   6
71 error npm notice
71 error npm ERR! publish Failed PUT 404
71 error npm ERR! code E404
71 error npm ERR! 404 Scope not found : @fatc/promisifyindexedDB
71 error npm ERR! 404
71 error npm ERR! 404  '@fatc/promisifyindexedDB' is not in the npm registry.
71 error npm ERR! 404 Your package name is not valid, because
71 error npm ERR! 404  1. name can no longer contain capital letters
71 error npm ERR! 404
71 error npm ERR! 404 Note that you can also install from a
71 error npm ERR! 404 tarball, folder, http url, or git url.
71 error
71 error npm ERR! A complete log of this run can be found in:
71 error npm ERR!     /Users/zhenglongfan/.npm/_logs/2018-06-21T09_58_13_876Z-debug.log
71 error
71 error     at Promise.all.then.arr (/usr/local/lib/node_modules/lerna/node_modules/execa/index.js:236:11)
